\BOOKMARK [1][-]{section*.1}{\376\377\144\130\211\201}{}% 1
\BOOKMARK [1][-]{section*.2}{\376\377\000A\000B\000S\000T\000R\000A\000C\000T}{}% 2
\BOOKMARK [1][-]{section.1}{\376\377\0001\000\040\176\352\213\272}{}% 3
\BOOKMARK [2][-]{subsection.1.1}{\376\377\0001\000.\0001\000\040\170\024\172\166\200\314\146\157}{section.1}% 4
\BOOKMARK [3][-]{subsubsection.1.1.1}{\376\377\0001\000.\0001\000.\0001\000\040\230\316\165\065\122\237\163\207\230\204\155\113\166\204\163\260\133\236\200\314\146\157}{subsection.1.1}% 5
\BOOKMARK [3][-]{subsubsection.1.1.2}{\376\377\0001\000.\0001\000.\0002\000\040\155\361\136\246\133\146\116\140\165\050\116\216\230\316\165\065\122\237\163\207\230\204\155\113\166\204\200\314\146\157}{subsection.1.1}% 6
\BOOKMARK [2][-]{subsection.1.2}{\376\377\0001\000.\0002\000\040\126\375\121\205\131\026\170\024\172\166\163\260\162\266}{section.1}% 7
\BOOKMARK [3][-]{subsubsection.1.2.1}{\376\377\0001\000.\0002\000.\0001\000\040\126\375\131\026\170\024\172\166\163\260\162\266}{subsection.1.2}% 8
\BOOKMARK [3][-]{subsubsection.1.2.2}{\376\377\0001\000.\0002\000.\0002\000\040\126\375\121\205\170\024\172\166\163\260\162\266}{subsection.1.2}% 9
\BOOKMARK [3][-]{subsubsection.1.2.3}{\376\377\0001\000.\0002\000.\0003\000\040\163\260\147\011\170\024\172\166\213\304\217\360}{subsection.1.2}% 10
\BOOKMARK [2][-]{subsection.1.3}{\376\377\0001\000.\0003\000\040\147\054\145\207\116\073\211\201\170\024\172\166\121\205\133\271}{section.1}% 11
\BOOKMARK [2][-]{subsection.1.4}{\376\377\0001\000.\0004\000\040\147\054\145\207\176\323\147\204\133\211\143\222}{section.1}% 12
\BOOKMARK [1][-]{section.2}{\376\377\0002\000\040\230\316\165\065\122\237\163\207\230\204\155\113\145\160\143\156\226\306\116\016\230\204\131\004\164\006}{}% 13
\BOOKMARK [2][-]{subsection.2.1}{\376\377\0002\000.\0001\000\040\145\160\143\156\147\145\156\220\116\016\145\160\143\156\226\306\116\313\176\315}{section.2}% 14
\BOOKMARK [2][-]{subsection.2.2}{\376\377\0002\000.\0002\000\040\145\160\143\156\156\005\155\027}{section.2}% 15
\BOOKMARK [2][-]{subsection.2.3}{\376\377\0002\000.\0003\000\040\145\160\143\156\123\357\211\306\123\026\124\214\162\171\137\201\166\370\121\163\140\047\122\006\147\220}{section.2}% 16
\BOOKMARK [2][-]{subsection.2.4}{\376\377\0002\000.\0004\000\040\162\171\137\201\135\345\172\013\116\016\137\122\116\000\123\026\131\004\164\006}{section.2}% 17
\BOOKMARK [2][-]{subsection.2.5}{\376\377\0002\000.\0005\000\040\156\321\122\250\145\366\225\364\172\227\123\343\147\204\220\040}{section.2}% 18
\BOOKMARK [2][-]{subsection.2.6}{\376\377\0002\000.\0006\000\040\213\255\176\303\226\306\060\001\232\214\213\301\226\306\124\214\155\113\213\325\226\306\122\022\122\006}{section.2}% 19
\BOOKMARK [1][-]{section.3}{\376\377\0003\000\040\155\361\136\246\133\146\116\140\230\204\155\113\152\041\127\213\164\006\213\272\127\372\170\100}{}% 20
\BOOKMARK [2][-]{subsection.3.1}{\376\377\0003\000.\0001\000\040\123\167\171\357\171\136\176\317\177\121\176\334\000C\000N\000N\123\237\164\006}{section.3}% 21
\BOOKMARK [2][-]{subsection.3.2}{\376\377\0003\000.\0002\000\040\225\177\167\355\147\037\213\260\137\306\177\121\176\334\000L\000S\000T\000M\123\237\164\006}{section.3}% 22
\BOOKMARK [2][-]{subsection.3.3}{\376\377\0003\000.\0003\000\040\225\350\143\247\137\252\163\257\123\125\121\103\000G\000R\000U\123\237\164\006}{section.3}% 23
\BOOKMARK [3][-]{subsubsection.3.3.1}{\376\377\0003\000.\0003\000.\0001\000\040\221\315\177\156\225\350\124\214\146\364\145\260\225\350}{subsection.3.3}% 24
\BOOKMARK [3][-]{subsubsection.3.3.2}{\376\377\0003\000.\0003\000.\0002\000\040\120\031\220\011\226\220\162\266\140\001}{subsection.3.3}% 25
\BOOKMARK [3][-]{subsubsection.3.3.3}{\376\377\0003\000.\0003\000.\0003\000\040\226\220\162\266\140\001\146\364\145\260}{subsection.3.3}% 26
\BOOKMARK [2][-]{subsection.3.4}{\376\377\0003\000.\0004\000\040\000C\000N\000N\000-\000L\000S\000T\000M\155\367\124\010\152\041\127\213\123\237\164\006}{section.3}% 27
\BOOKMARK [2][-]{subsection.3.5}{\376\377\0003\000.\0005\000\040\152\041\127\213\213\304\116\367\143\007\150\007}{section.3}% 28
\BOOKMARK [2][-]{subsection.3.6}{\376\377\0003\000.\0006\000\040\133\236\232\214\163\257\130\203\116\016\215\205\123\302\145\160\213\276\177\156}{section.3}% 29
\BOOKMARK [1][-]{section.4}{\376\377\0004\000\040\123\125\116\000\155\361\136\246\133\146\116\140\152\041\127\213\166\204\230\316\165\065\122\237\163\207\230\204\155\113\136\372\152\041}{}% 30
\BOOKMARK [2][-]{subsection.4.1}{\376\377\0004\000.\0001\000\040\000C\000N\000N\230\204\155\113\152\041\127\213\147\204\136\372}{section.4}% 31
\BOOKMARK [2][-]{subsection.4.2}{\376\377\0004\000.\0002\000\040\000L\000S\000T\000M\230\204\155\113\152\041\127\213\147\204\136\372}{section.4}% 32
\BOOKMARK [2][-]{subsection.4.3}{\376\377\0004\000.\0003\000\040\000G\000R\000U\230\204\155\113\152\041\127\213\147\204\136\372}{section.4}% 33
\BOOKMARK [2][-]{subsection.4.4}{\376\377\0004\000.\0004\000\040\116\011\171\315\123\125\152\041\127\213\213\255\176\303\155\101\172\013\213\276\213\241}{section.4}% 34
\BOOKMARK [2][-]{subsection.4.5}{\376\377\0004\000.\0005\000\040\123\125\152\041\127\213\122\035\153\145\133\236\232\214\176\323\147\234\122\006\147\220}{section.4}% 35
\BOOKMARK [1][-]{section.5}{\376\377\0005\000\040\127\372\116\216\000C\000N\000N\000-\000L\000S\000T\000M\166\204\155\367\124\010\152\041\127\213\147\204\136\372\116\016\117\030\123\026}{}% 36
\BOOKMARK [2][-]{subsection.5.1}{\376\377\0005\000.\0001\000\040\147\204\136\372\000C\000N\000N\000-\000L\000S\000T\000M\155\367\124\010\152\041\127\213\166\204\137\305\211\201\140\047\122\006\147\220}{section.5}% 37
\BOOKMARK [2][-]{subsection.5.2}{\376\377\0005\000.\0002\000\040\000C\000N\000N\000-\000L\000S\000T\000M\177\121\176\334\176\323\147\204\213\276\213\241}{section.5}% 38
\BOOKMARK [2][-]{subsection.5.3}{\376\377\0005\000.\0003\000\040\152\041\127\213\213\255\176\303\217\307\172\013\116\016\123\302\145\160\117\030\123\026}{section.5}% 39
\BOOKMARK [2][-]{subsection.5.4}{\376\377\0005\000.\0004\000\040\000C\000N\000N\000-\000L\000S\000T\000M\152\041\127\213\230\204\155\113\155\101\172\013}{section.5}% 40
\BOOKMARK [2][-]{subsection.5.5}{\376\377\0005\000.\0005\000\040\155\367\124\010\152\041\127\213\166\370\217\203\116\216\123\125\152\041\127\213\166\204\164\006\213\272\117\030\122\277\122\006\147\220}{section.5}% 41
\BOOKMARK [1][-]{section.6}{\376\377\0006\000\040\133\236\232\214\176\323\147\234\122\006\147\220\116\016\152\041\127\213\133\371\153\324}{}% 42
\BOOKMARK [2][-]{subsection.6.1}{\376\377\0006\000.\0001\000\040\133\236\232\214\145\271\150\110\213\276\213\241}{section.6}% 43
\BOOKMARK [2][-]{subsection.6.2}{\376\377\0006\000.\0002\000\040\116\015\124\014\152\041\127\213\127\050\124\014\116\000\230\316\127\072\116\012\166\204\230\204\155\113\176\323\147\234\133\371\153\324}{section.6}% 44
\BOOKMARK [2][-]{subsection.6.3}{\376\377\0006\000.\0003\000\040\124\014\116\000\152\041\127\213\127\050\116\015\124\014\230\316\127\072\116\012\166\204\154\333\123\026\140\047\200\375\122\006\147\220}{section.6}% 45
\BOOKMARK [2][-]{subsection.6.4}{\376\377\0006\000.\0004\000\040\230\204\155\113\176\323\147\234\123\357\211\306\123\026\122\006\147\220}{section.6}% 46
\BOOKMARK [2][-]{subsection.6.5}{\376\377\0006\000.\0005\000\040\127\372\116\216\000M\000A\000P\000E\060\001\000M\000A\000E\060\001\000R\000M\000S\000E\166\204\176\374\124\010\213\304\116\367}{section.6}% 47
\BOOKMARK [2][-]{subsection.6.6}{\376\377\0006\000.\0006\000\040\152\041\127\213\117\030\177\072\160\271\116\016\213\357\135\356\147\145\156\220\122\006\147\220}{section.6}% 48
\BOOKMARK [2][-]{subsection.6.7}{\376\377\0006\000.\0007\000\040\147\000\117\030\152\041\127\213\220\011\142\351\116\016\220\002\165\050\127\072\146\157\213\250\213\272}{section.6}% 49
\BOOKMARK [1][-]{section.7}{\376\377\0007\000\040\176\323\213\272\116\016\134\125\147\033}{}% 50
\BOOKMARK [2][-]{subsection.7.1}{\376\377\0007\000.\0001\000\040\170\024\172\166\135\345\117\134\140\073\176\323}{section.7}% 51
\BOOKMARK [2][-]{subsection.7.2}{\376\377\0007\000.\0002\000\040\116\073\211\201\176\323\213\272}{section.7}% 52
\BOOKMARK [2][-]{subsection.7.3}{\376\377\0007\000.\0003\000\040\116\015\215\263\116\016\134\125\147\033}{section.7}% 53
