INFO:  ANSI Code Page: 936
INFO:  latexindent.exe version 3.24.4, 2024-07-18, a script to indent .tex files
       latexindent.exe lives here: E:/texlive/2025/bin/windows/
       Thu Apr  2 16:41:22 2026
       Filename: c:/Users/yonghu1/Desktop/毕业论文/thesis111-1/__latexindent_temp_myclass.cls
INFO:  Processing switches:
       -y|--yaml: YAML settings specified via command line
       -c|--cruft: cruft directory
INFO:  Directory for backup files and log file c:\Users\yonghu1\Desktop\毕业论文\thesis111-1\indent.log:
       c:\Users\yonghu1\Desktop\毕业论文\thesis111-1\
INFO:  YAML settings read: defaultSettings.yaml
       Reading defaultSettings.yaml from E:/texlive/2025/bin/windows/defaultSettings.yaml
       Reading defaultSettings.yaml (2nd attempt) from E:/texlive/2025/bin/windows/../../texmf-dist/scripts/latexindent/defaultSettings.yaml
       and then, if necessary, E:/texlive/2025/bin/windows/LatexIndent/defaultSettings.yaml
INFO:  YAML reading settings
       Home directory is C:\Users\yonghu1
       latexindent.pl didn't find indentconfig.yaml or .indentconfig.yaml
       see all possible locations: https://latexindentpl.readthedocs.io/en/latest/sec-appendices.html#indentconfig-options)
INFO:  YAML settings read: -y switch
       YAML setting: defaultIndent:'    '
       single-quoted string found in -y switch: '    ', substitute to     
       Updating mainSettings with defaultIndent:     
INFO:  Phase 1: searching for objects
INFO:  Phase 2: finding surrounding indentation
INFO:  Phase 3: indenting objects
INFO:  Phase 4: final indentation check
INFO:  Output routine:
       Not outputting to file; see -w and -o switches for more options.
       --------------
INFO:  Please direct all communication/issues to:
        https://github.com/cmhughes/latexindent.pl
