\BOOKMARK [1][-]{section*.1}{\376\377\144\130\211\201}{}% 1
\BOOKMARK [1][-]{section*.2}{\376\377\000A\000B\000S\000T\000R\000A\000C\000T}{}% 2
\BOOKMARK [1][-]{section.1}{\376\377\0001\000\040\176\352\213\272}{}% 3
\BOOKMARK [2][-]{subsection.1.1}{\376\377\0001\000.\0001\000\040\170\024\172\166\200\314\146\157}{section.1}% 4
\BOOKMARK [3][-]{subsubsection.1.1.1}{\376\377\0001\000.\0001\000.\0001\000\040\230\316\165\065\123\321\134\125\163\260\162\266}{subsection.1.1}% 5
\BOOKMARK [3][-]{subsubsection.1.1.2}{\376\377\0001\000.\0001\000.\0002\000\040\230\316\165\065\122\237\163\207\230\204\155\113\166\204\221\315\211\201\140\047}{subsection.1.1}% 6
\BOOKMARK [2][-]{subsection.1.2}{\376\377\0001\000.\0002\000\040\126\375\121\205\131\026\170\024\172\166\163\260\162\266}{section.1}% 7
\BOOKMARK [3][-]{subsubsection.1.2.1}{\376\377\0001\000.\0002\000.\0001\000\040\117\040\176\337\230\204\155\113\145\271\154\325\170\024\172\166\163\260\162\266}{subsection.1.2}% 8
\BOOKMARK [3][-]{subsubsection.1.2.2}{\376\377\0001\000.\0002\000.\0002\000\040\155\361\136\246\133\146\116\140\230\204\155\113\145\271\154\325\170\024\172\166\163\260\162\266}{subsection.1.2}% 9
\BOOKMARK [3][-]{subsubsection.1.2.3}{\376\377\0001\000.\0002\000.\0003\000\040\155\367\124\010\152\041\127\213\230\204\155\113\145\271\154\325\170\024\172\166\163\260\162\266}{subsection.1.2}% 10
\BOOKMARK [2][-]{subsection.1.3}{\376\377\0001\000.\0003\000\040\170\024\172\166\166\356\166\204\116\016\141\017\116\111}{section.1}% 11
\BOOKMARK [3][-]{subsubsection.1.3.1}{\376\377\0001\000.\0003\000.\0001\000\040\170\024\172\166\166\356\166\204}{subsection.1.3}% 12
\BOOKMARK [3][-]{subsubsection.1.3.2}{\376\377\0001\000.\0003\000.\0002\000\040\170\024\172\166\141\017\116\111}{subsection.1.3}% 13
\BOOKMARK [2][-]{subsection.1.4}{\376\377\0001\000.\0004\000\040\170\024\172\166\121\205\133\271\116\016\142\200\147\057\215\357\176\277}{section.1}% 14
\BOOKMARK [3][-]{subsubsection.1.4.1}{\376\377\0001\000.\0004\000.\0001\000\040\170\024\172\166\121\205\133\271}{subsection.1.4}% 15
\BOOKMARK [3][-]{subsubsection.1.4.2}{\376\377\0001\000.\0004\000.\0002\000\040\142\200\147\057\215\357\176\277}{subsection.1.4}% 16
\BOOKMARK [2][-]{subsection.1.5}{\376\377\0001\000.\0005\000\040\213\272\145\207\176\304\176\307\176\323\147\204}{section.1}% 17
\BOOKMARK [2][-]{subsection.1.6}{\376\377\0001\000.\0006\000\040\147\054\172\340\134\017\176\323}{section.1}% 18
\BOOKMARK [1][-]{section.2}{\376\377\0002\000\040\230\316\165\065\122\237\163\207\230\204\155\113\145\160\143\156\226\306\116\016\230\204\131\004\164\006}{}% 19
\BOOKMARK [2][-]{subsection.2.1}{\376\377\0002\000.\0001\000\040\145\160\143\156\226\306\116\313\176\315}{section.2}% 20
\BOOKMARK [3][-]{subsubsection.2.1.1}{\376\377\0002\000.\0001\000.\0001\000\040\145\160\143\156\147\145\156\220}{subsection.2.1}% 21
\BOOKMARK [3][-]{subsubsection.2.1.2}{\376\377\0002\000.\0001\000.\0002\000\040\145\160\143\156\162\171\137\201\143\317\217\360}{subsection.2.1}% 22
\BOOKMARK [2][-]{subsection.2.2}{\376\377\0002\000.\0002\000\040\145\160\143\156\230\204\131\004\164\006}{section.2}% 23
\BOOKMARK [3][-]{subsubsection.2.2.1}{\376\377\0002\000.\0002\000.\0001\000\040\177\072\131\061\120\074\131\004\164\006}{subsection.2.2}% 24
\BOOKMARK [3][-]{subsubsection.2.2.2}{\376\377\0002\000.\0002\000.\0002\000\040\137\002\136\070\120\074\150\300\155\113\116\016\131\004\164\006}{subsection.2.2}% 25
\BOOKMARK [3][-]{subsubsection.2.2.3}{\376\377\0002\000.\0002\000.\0003\000\040\145\160\143\156\137\122\116\000\123\026}{subsection.2.2}% 26
\BOOKMARK [2][-]{subsection.2.3}{\376\377\0002\000.\0003\000\040\162\171\137\201\135\345\172\013}{section.2}% 27
\BOOKMARK [3][-]{subsubsection.2.3.1}{\376\377\0002\000.\0003\000.\0001\000\040\162\171\137\201\220\011\142\351}{subsection.2.3}% 28
\BOOKMARK [3][-]{subsubsection.2.3.2}{\376\377\0002\000.\0003\000.\0002\000\040\162\171\137\201\166\370\121\163\140\047\122\006\147\220}{subsection.2.3}% 29
\BOOKMARK [2][-]{subsection.2.4}{\376\377\0002\000.\0004\000\040\145\160\143\156\226\306\122\022\122\006}{section.2}% 30
\BOOKMARK [3][-]{subsubsection.2.4.1}{\376\377\0002\000.\0004\000.\0001\000\040\213\255\176\303\226\306\060\001\232\214\213\301\226\306\116\016\155\113\213\325\226\306\122\022\122\006}{subsection.2.4}% 31
\BOOKMARK [3][-]{subsubsection.2.4.2}{\376\377\0002\000.\0004\000.\0002\000\040\145\366\225\364\136\217\122\027\145\160\143\156\166\204\122\022\122\006\173\126\165\145}{subsection.2.4}% 32
\BOOKMARK [2][-]{subsection.2.5}{\376\377\0002\000.\0005\000\040\147\054\172\340\134\017\176\323}{section.2}% 33
\BOOKMARK [1][-]{section.3}{\376\377\0003\000\040\155\361\136\246\133\146\116\140\230\204\155\113\152\041\127\213\164\006\213\272\127\372\170\100}{}% 34
\BOOKMARK [2][-]{subsection.3.1}{\376\377\0003\000.\0001\000\040\116\272\135\345\171\136\176\317\177\121\176\334\127\372\170\100}{section.3}% 35
\BOOKMARK [3][-]{subsubsection.3.1.1}{\376\377\0003\000.\0001\000.\0001\000\040\171\136\176\317\121\103\152\041\127\213\116\016\157\300\155\073\121\375\145\160}{subsection.3.1}% 36
\BOOKMARK [3][-]{subsubsection.3.1.2}{\376\377\0003\000.\0001\000.\0002\000\040\122\115\231\210\171\136\176\317\177\121\176\334}{subsection.3.1}% 37
\BOOKMARK [3][-]{subsubsection.3.1.3}{\376\377\0003\000.\0001\000.\0003\000\040\123\315\124\021\117\040\144\255\173\227\154\325}{subsection.3.1}% 38
\BOOKMARK [2][-]{subsection.3.2}{\376\377\0003\000.\0002\000\040\123\167\171\357\171\136\176\317\177\121\176\334\377\010\000C\000N\000N\377\011}{section.3}% 39
\BOOKMARK [3][-]{subsubsection.3.2.1}{\376\377\0003\000.\0002\000.\0001\000\040\123\167\171\357\134\102\116\016\154\140\123\026\134\102}{subsection.3.2}% 40
\BOOKMARK [3][-]{subsubsection.3.2.2}{\376\377\0003\000.\0002\000.\0002\000\040\000C\000N\000N\166\204\176\323\147\204\162\171\160\271}{subsection.3.2}% 41
\BOOKMARK [3][-]{subsubsection.3.2.3}{\376\377\0003\000.\0002\000.\0003\000\040\000C\000N\000N\127\050\145\366\136\217\145\160\143\156\116\055\166\204\136\224\165\050}{subsection.3.2}% 42
\BOOKMARK [2][-]{subsection.3.3}{\376\377\0003\000.\0003\000\040\137\252\163\257\171\136\176\317\177\121\176\334\377\010\000R\000N\000N\377\011}{section.3}% 43
\BOOKMARK [3][-]{subsubsection.3.3.1}{\376\377\0003\000.\0003\000.\0001\000\040\000R\000N\000N\166\204\127\372\147\054\176\323\147\204}{subsection.3.3}% 44
\BOOKMARK [3][-]{subsubsection.3.3.2}{\376\377\0003\000.\0003\000.\0002\000\040\150\257\136\246\155\210\131\061\116\016\150\257\136\246\162\006\160\270\225\356\230\230}{subsection.3.3}% 45
\BOOKMARK [2][-]{subsection.3.4}{\376\377\0003\000.\0004\000\040\225\177\167\355\147\037\213\260\137\306\177\121\176\334\377\010\000L\000S\000T\000M\377\011}{section.3}% 46
\BOOKMARK [3][-]{subsubsection.3.4.1}{\376\377\0003\000.\0004\000.\0001\000\040\000L\000S\000T\000M\166\204\225\350\143\247\147\072\122\066}{subsection.3.4}% 47
\BOOKMARK [3][-]{subsubsection.3.4.2}{\376\377\0003\000.\0004\000.\0002\000\040\000L\000S\000T\000M\166\204\122\115\124\021\117\040\144\255\217\307\172\013}{subsection.3.4}% 48
\BOOKMARK [3][-]{subsubsection.3.4.3}{\376\377\0003\000.\0004\000.\0003\000\040\000L\000S\000T\000M\127\050\145\366\136\217\230\204\155\113\116\055\166\204\117\030\122\277}{subsection.3.4}% 49
\BOOKMARK [2][-]{subsection.3.5}{\376\377\0003\000.\0005\000\040\152\041\127\213\213\304\116\367\143\007\150\007}{section.3}% 50
\BOOKMARK [3][-]{subsubsection.3.5.1}{\376\377\0003\000.\0005\000.\0001\000\040\127\107\145\271\213\357\135\356\377\010\000M\000S\000E\377\011}{subsection.3.5}% 51
\BOOKMARK [3][-]{subsubsection.3.5.2}{\376\377\0003\000.\0005\000.\0002\000\040\127\107\145\271\150\071\213\357\135\356\377\010\000R\000M\000S\000E\377\011}{subsection.3.5}% 52
\BOOKMARK [3][-]{subsubsection.3.5.3}{\376\377\0003\000.\0005\000.\0003\000\040\136\163\127\107\176\335\133\371\213\357\135\356\377\010\000M\000A\000E\377\011}{subsection.3.5}% 53
\BOOKMARK [3][-]{subsubsection.3.5.4}{\376\377\0003\000.\0005\000.\0004\000\040\121\263\133\232\174\373\145\160\377\010\000R\0002\377\011}{subsection.3.5}% 54
\BOOKMARK [2][-]{subsection.3.6}{\376\377\0003\000.\0006\000\040\147\054\172\340\134\017\176\323}{section.3}% 55
\BOOKMARK [1][-]{section.4}{\376\377\0004\000\040\123\125\116\000\155\361\136\246\133\146\116\140\152\041\127\213\166\204\230\316\165\065\122\237\163\207\230\204\155\113\136\372\152\041}{}% 56
\BOOKMARK [2][-]{subsection.4.1}{\376\377\0004\000.\0001\000\040\000C\000N\000N\230\316\165\065\122\237\163\207\230\204\155\113\152\041\127\213}{section.4}% 57
\BOOKMARK [3][-]{subsubsection.4.1.1}{\376\377\0004\000.\0001\000.\0001\000\040\152\041\127\213\176\323\147\204\213\276\213\241}{subsection.4.1}% 58
\BOOKMARK [3][-]{subsubsection.4.1.2}{\376\377\0004\000.\0001\000.\0002\000\040\215\205\123\302\145\160\213\276\177\156}{subsection.4.1}% 59
\BOOKMARK [3][-]{subsubsection.4.1.3}{\376\377\0004\000.\0001\000.\0003\000\040\152\041\127\213\213\255\176\303\116\016\176\323\147\234\122\006\147\220}{subsection.4.1}% 60
\BOOKMARK [2][-]{subsection.4.2}{\376\377\0004\000.\0002\000\040\000L\000S\000T\000M\230\316\165\065\122\237\163\207\230\204\155\113\152\041\127\213}{section.4}% 61
\BOOKMARK [3][-]{subsubsection.4.2.1}{\376\377\0004\000.\0002\000.\0001\000\040\152\041\127\213\176\323\147\204\213\276\213\241}{subsection.4.2}% 62
\BOOKMARK [3][-]{subsubsection.4.2.2}{\376\377\0004\000.\0002\000.\0002\000\040\215\205\123\302\145\160\213\276\177\156}{subsection.4.2}% 63
\BOOKMARK [3][-]{subsubsection.4.2.3}{\376\377\0004\000.\0002\000.\0003\000\040\152\041\127\213\213\255\176\303\116\016\176\323\147\234\122\006\147\220}{subsection.4.2}% 64
\BOOKMARK [2][-]{subsection.4.3}{\376\377\0004\000.\0003\000\040\123\125\116\000\152\041\127\213\230\204\155\113\140\047\200\375\133\371\153\324}{section.4}% 65
\BOOKMARK [3][-]{subsubsection.4.3.1}{\376\377\0004\000.\0003\000.\0001\000\040\230\204\155\113\174\276\136\246\133\371\153\324}{subsection.4.3}% 66
\BOOKMARK [3][-]{subsubsection.4.3.2}{\376\377\0004\000.\0003\000.\0002\000\040\213\255\176\303\145\110\163\207\133\371\153\324}{subsection.4.3}% 67
\BOOKMARK [3][-]{subsubsection.4.3.3}{\376\377\0004\000.\0003\000.\0003\000\040\123\125\116\000\152\041\127\213\166\204\134\100\226\120\140\047\122\006\147\220}{subsection.4.3}% 68
\BOOKMARK [2][-]{subsection.4.4}{\376\377\0004\000.\0004\000\040\147\054\172\340\134\017\176\323}{section.4}% 69
\BOOKMARK [1][-]{section.5}{\376\377\0005\000\040\127\372\116\216\000C\000N\000N\000-\000L\000S\000T\000M\166\204\155\367\124\010\152\041\127\213\147\204\136\372\116\016\117\030\123\026}{}% 70
\BOOKMARK [2][-]{subsection.5.1}{\376\377\0005\000.\0001\000\040\000C\000N\000N\000-\000L\000S\000T\000M\155\367\124\010\152\041\127\213\166\204\213\276\213\241\140\035\215\357}{section.5}% 71
\BOOKMARK [3][-]{subsubsection.5.1.1}{\376\377\0005\000.\0001\000.\0001\000\040\155\367\124\010\152\041\127\213\166\204\122\250\147\072}{subsection.5.1}% 72
\BOOKMARK [3][-]{subsubsection.5.1.2}{\376\377\0005\000.\0001\000.\0002\000\040\152\041\127\213\207\215\124\010\173\126\165\145}{subsection.5.1}% 73
\BOOKMARK [2][-]{subsection.5.2}{\376\377\0005\000.\0002\000\040\000C\000N\000N\000-\000L\000S\000T\000M\155\367\124\010\152\041\127\213\176\323\147\204}{section.5}% 74
\BOOKMARK [3][-]{subsubsection.5.2.1}{\376\377\0005\000.\0002\000.\0001\000\040\162\171\137\201\143\320\123\326\152\041\127\127\377\010\000C\000N\000N\220\350\122\006\377\011}{subsection.5.2}% 75
\BOOKMARK [3][-]{subsubsection.5.2.2}{\376\377\0005\000.\0002\000.\0002\000\040\145\366\136\217\136\372\152\041\152\041\127\127\377\010\000L\000S\000T\000M\220\350\122\006\377\011}{subsection.5.2}% 76
\BOOKMARK [3][-]{subsubsection.5.2.3}{\376\377\0005\000.\0002\000.\0003\000\040\217\223\121\372\134\102\213\276\213\241}{subsection.5.2}% 77
\BOOKMARK [2][-]{subsection.5.3}{\376\377\0005\000.\0003\000\040\152\041\127\213\213\255\176\303\173\126\165\145}{section.5}% 78
\BOOKMARK [3][-]{subsubsection.5.3.1}{\376\377\0005\000.\0003\000.\0001\000\040\143\137\131\061\121\375\145\160\220\011\142\351}{subsection.5.3}% 79
\BOOKMARK [3][-]{subsubsection.5.3.2}{\376\377\0005\000.\0003\000.\0002\000\040\117\030\123\026\126\150\116\016\133\146\116\140\163\207\214\003\136\246}{subsection.5.3}% 80
\BOOKMARK [3][-]{subsubsection.5.3.3}{\376\377\0005\000.\0003\000.\0003\000\040\153\143\122\031\123\026\116\016\226\062\153\142\217\307\142\337\124\010}{subsection.5.3}% 81
\BOOKMARK [2][-]{subsection.5.4}{\376\377\0005\000.\0004\000\040\215\205\123\302\145\160\117\030\123\026}{section.5}% 82
\BOOKMARK [3][-]{subsubsection.5.4.1}{\376\377\0005\000.\0004\000.\0001\000\040\121\163\225\056\215\205\123\302\145\160\122\006\147\220}{subsection.5.4}% 83
\BOOKMARK [3][-]{subsubsection.5.4.2}{\376\377\0005\000.\0004\000.\0002\000\040\215\205\123\302\145\160\214\003\117\030\145\271\154\325}{subsection.5.4}% 84
\BOOKMARK [2][-]{subsection.5.5}{\376\377\0005\000.\0005\000\040\147\054\172\340\134\017\176\323}{section.5}% 85
\BOOKMARK [1][-]{section.6}{\376\377\0006\000\040\133\236\232\214\176\323\147\234\122\006\147\220\116\016\152\041\127\213\133\371\153\324}{}% 86
\BOOKMARK [2][-]{subsection.6.1}{\376\377\0006\000.\0001\000\040\133\236\232\214\163\257\130\203\116\016\221\115\177\156}{section.6}% 87
\BOOKMARK [3][-]{subsubsection.6.1.1}{\376\377\0006\000.\0001\000.\0001\000\040\170\154\116\366\163\257\130\203}{subsection.6.1}% 88
\BOOKMARK [3][-]{subsubsection.6.1.2}{\376\377\0006\000.\0001\000.\0002\000\040\217\157\116\366\163\257\130\203\116\016\137\000\123\321\150\106\147\266}{subsection.6.1}% 89
\BOOKMARK [2][-]{subsection.6.2}{\376\377\0006\000.\0002\000\040\133\236\232\214\176\323\147\234\134\125\171\072}{section.6}% 90
\BOOKMARK [3][-]{subsubsection.6.2.1}{\376\377\0006\000.\0002\000.\0001\000\040\000C\000N\000N\152\041\127\213\230\204\155\113\176\323\147\234}{subsection.6.2}% 91
\BOOKMARK [3][-]{subsubsection.6.2.2}{\376\377\0006\000.\0002\000.\0002\000\040\000L\000S\000T\000M\152\041\127\213\230\204\155\113\176\323\147\234}{subsection.6.2}% 92
\BOOKMARK [3][-]{subsubsection.6.2.3}{\376\377\0006\000.\0002\000.\0003\000\040\000C\000N\000N\000-\000L\000S\000T\000M\155\367\124\010\152\041\127\213\230\204\155\113\176\323\147\234}{subsection.6.2}% 93
\BOOKMARK [2][-]{subsection.6.3}{\376\377\0006\000.\0003\000\040\152\041\127\213\133\371\153\324\122\006\147\220}{section.6}% 94
\BOOKMARK [3][-]{subsubsection.6.3.1}{\376\377\0006\000.\0003\000.\0001\000\040\230\204\155\113\174\276\136\246\133\371\153\324}{subsection.6.3}% 95
\BOOKMARK [3][-]{subsubsection.6.3.2}{\376\377\0006\000.\0003\000.\0002\000\040\154\333\123\026\200\375\122\233\133\371\153\324}{subsection.6.3}% 96
\BOOKMARK [3][-]{subsubsection.6.3.3}{\376\377\0006\000.\0003\000.\0003\000\040\213\241\173\227\145\110\163\207\133\371\153\324}{subsection.6.3}% 97
\BOOKMARK [2][-]{subsection.6.4}{\376\377\0006\000.\0004\000\040\176\323\147\234\213\250\213\272}{section.6}% 98
\BOOKMARK [3][-]{subsubsection.6.4.1}{\376\377\0006\000.\0004\000.\0001\000\040\155\367\124\010\152\041\127\213\117\030\122\277\122\006\147\220}{subsection.6.4}% 99
\BOOKMARK [3][-]{subsubsection.6.4.2}{\376\377\0006\000.\0004\000.\0002\000\040\137\161\124\315\230\204\155\113\174\276\136\246\166\204\126\340\175\040\122\006\147\220}{subsection.6.4}% 100
\BOOKMARK [2][-]{subsection.6.5}{\376\377\0006\000.\0005\000\040\147\054\172\340\134\017\176\323}{section.6}% 101
\BOOKMARK [1][-]{section.7}{\376\377\0007\000\040\176\323\213\272\116\016\134\125\147\033}{}% 102
\BOOKMARK [2][-]{subsection.7.1}{\376\377\0007\000.\0001\000\040\170\024\172\166\140\073\176\323}{section.7}% 103
\BOOKMARK [3][-]{subsubsection.7.1.1}{\376\377\0007\000.\0001\000.\0001\000\040\116\073\211\201\170\024\172\166\135\345\117\134}{subsection.7.1}% 104
\BOOKMARK [3][-]{subsubsection.7.1.2}{\376\377\0007\000.\0001\000.\0002\000\040\116\073\211\201\170\024\172\166\176\323\213\272}{subsection.7.1}% 105
\BOOKMARK [2][-]{subsection.7.2}{\376\377\0007\000.\0002\000\040\122\033\145\260\160\271}{section.7}% 106
\BOOKMARK [2][-]{subsection.7.3}{\376\377\0007\000.\0003\000\040\170\024\172\166\116\015\215\263}{section.7}% 107
\BOOKMARK [2][-]{subsection.7.4}{\376\377\0007\000.\0004\000\040\147\052\147\145\134\125\147\033}{section.7}% 108
\BOOKMARK [3][-]{subsubsection.7.4.1}{\376\377\0007\000.\0004\000.\0001\000\040\152\041\127\213\145\071\217\333\145\271\124\021}{subsection.7.4}% 109
\BOOKMARK [3][-]{subsubsection.7.4.2}{\376\377\0007\000.\0004\000.\0002\000\040\136\224\165\050\122\115\146\157\134\125\147\033}{subsection.7.4}% 110
